rgdal: version: 1.1-10, (SVN revision 622)
 Geospatial Data Abstraction Library extensions to R successfully loaded
 Loaded GDAL runtime: GDAL 1.10.1, released 2013/08/26
 Path to GDAL shared files: /usr/share/gdal/1.10
 Loaded PROJ.4 runtime: Rel. 4.8.0, 6 March 2012, [PJ_VERSION: 480]
 Path to PROJ.4 shared files: (autodetected)
 Linking to sp version: 1.2-3 
rgeos version: 0.3-19, (SVN revision 524)
 GEOS runtime version: 3.4.2-CAPI-1.8.2 r3921 
 Linking to sp version: 1.2-3 
 Polygon checking: TRUE 


Attaching package: ‘dplyr’

The following objects are masked from ‘package:rgeos’:

    intersect, setdiff, union

The following objects are masked from ‘package:raster’:

    intersect, select, union

The following objects are masked from ‘package:stats’:

    filter, lag

The following objects are masked from ‘package:base’:

    intersect, setdiff, setequal, union


Attaching package: ‘SDMTools’

The following object is masked from ‘package:raster’:

    distance

